#
# A fatal error has been detected by the Java Runtime Environment:
#
#  EXCEPTION_ACCESS_VIOLATION (0xc0000005) at pc=0x00007fff54de491a, pid=12264, tid=14880
#
# JRE version: Java(TM) SE Runtime Environment (8.0_91-b14) (build 1.8.0_91-b14)
# Java VM: Java HotSpot(TM) 64-Bit Server VM (25.91-b14 mixed mode windows-amd64 compressed oops)
# Problematic frame:
# C  [msvcrt.dll+0x7491a]
#
# Failed to write core dump. Minidumps are not enabled by default on client versions of Windows
#
# If you would like to submit a bug report, please visit:
#   http://bugreport.java.com/bugreport/crash.jsp
# The crash happened outside the Java Virtual Machine in native code.
# See problematic frame for where to report the bug.
#

---------------  T H R E A D  ---------------

Current thread (0x0000000019e69800):  
[error occurred during error reporting (printing current thread), id 0xc0000005]

siginfo: ExceptionCode=0xc0000005, reading address 0x000000011f9f1a93

Registers:
RAX=0x0000000120735edf, RBX=0x000000001f9f1a90, RCX=0xfffffffffffffff1, RDX=0xffffffffff2bbbc4
RSP=0x000000001fcaf028, RBP=0x000000001fcaf0a0, RSI=0x000000001f9f4b28, RDI=0x000000001f8a7360
R8 =0x00000000fffffff0, R9 =0x0000000019e38120, R10=0x000000001f56d510, R11=0x0000000020735ee0
R12=0x000000000000002a, R13=0x0000000000000001, R14=0x00000000ffffffff, R15=0x000000001fcaf1b0
RIP=0x00007fff54de491a, EFLAGS=0x0000000000010293

Top of Stack: (sp=0x000000001fcaf028)
0x000000001fcaf028:   0000000063b4659c 0000000019e699f8
0x000000001fcaf038:   0000000019de1150 0000000000000010
0x000000001fcaf048:   00000000030cc950 000000001fcc6ca0
0x000000001fcaf058:   0000000000000001 000000001f9f1aa4
0x000000001fcaf068:   0000000020735ee0 0000000019de1158
0x000000001fcaf078:   0000000019de1150 0000000019de1148
0x000000001fcaf088:   0000000000000142 0000000000000108
0x000000001fcaf098:   000000001fd481f8 000000001fcaf100
0x000000001fcaf0a8:   0000000063b462ce 0000000019e699f8
0x000000001fcaf0b8:   000000001f9f1a90 000000001f9f1aa4
0x000000001fcaf0c8:   000000001fcaf320 0000000000000001
0x000000001fcaf0d8:   000000000000002a 0000000000000000
0x000000001fcaf0e8:   0000000019de1130 0000000019e699f8
0x000000001fcaf0f8:   000000001fcaf1b0 0000000000000014
0x000000001fcaf108:   0000000180023dd4 000000001fcaf1b0
0x000000001fcaf118:   000000001f9f1a90 000000001f9f1aa4 

Instructions: (pc=0x00007fff54de491a)
0x00007fff54de48fa:   84 00 00 00 00 00 90 90 90 90 90 90 48 83 fa f0
0x00007fff54de490a:   77 74 48 8b c1 83 e1 0f 74 11 4c 2b c1 48 f7 d9
0x00007fff54de491a:   f3 0f 6f 44 10 f0 f3 0f 7f 40 f0 48 03 c8 4d 8b
0x00007fff54de492a:   c8 49 c1 e9 05 49 81 f9 00 20 00 00 0f 87 76 00 


Register to memory mapping:

RAX=0x0000000120735edf is an unknown value
RBX=0x000000001f9f1a90 is an unknown value
RCX=0xfffffffffffffff1 is an unknown value
RDX=0xffffffffff2bbbc4 is an unknown value
RSP=0x000000001fcaf028 is pointing into the stack for thread: 0x0000000019e69800
RBP=0x000000001fcaf0a0 is pointing into the stack for thread: 0x0000000019e69800
RSI=0x000000001f9f4b28 is an unknown value
RDI=0x000000001f8a7360 is an unknown value
R8 =0x00000000fffffff0 is an unallocated location in the heap
R9 =0x0000000019e38120 is an unknown value
R10={method} {0x000000001f56d518} 'setSize0' '(I)V' in 'org/jnetpcap/nio/JMemory'
R11=0x0000000020735ee0 is an unknown value
R12=0x000000000000002a is an unknown value
R13=0x0000000000000001 is an unknown value
R14=0x00000000ffffffff is an unallocated location in the heap
R15=0x000000001fcaf1b0 is pointing into the stack for thread: 0x0000000019e69800


Stack: [0x000000001fbb0000,0x000000001fcb0000],  sp=0x000000001fcaf028,  free space=1020k
Native frames: (J=compiled Java code, j=interpreted, Vv=VM code, C=native code)
C  [msvcrt.dll+0x7491a]
C  [jnetpcap.dll+0x659c]
C  [jnetpcap.dll+0x62ce]
C  [wpcap.dll+0x23dd4]
C  [wpcap.dll+0x24d21]
C  [jnetpcap.dll+0x23a8]
C  0x0000000003117f54

Java frames: (J=compiled Java code, j=interpreted, Vv=VM code)
j  org.jnetpcap.Pcap.loop(IILorg/jnetpcap/packet/PcapPacketHandler;Ljava/lang/Object;Lorg/jnetpcap/packet/JPacket;Lorg/jnetpcap/packet/JPacket$State;Lorg/jnetpcap/PcapHeader;Lorg/jnetpcap/packet/JScanner;)I+0
j  org.jnetpcap.Pcap.loop(ILorg/jnetpcap/packet/PcapPacketHandler;Ljava/lang/Object;)I+35
j  application.SampleController$2.run()V+17
j  java.lang.Thread.run()V+11
v  ~StubRoutines::call_stub

---------------  P R O C E S S  ---------------

Java Threads: ( => current thread )
  0x0000000019e4b800 JavaThread "Prism Font Disposer" daemon [_thread_blocked, id=4688, stack(0x0000000022a10000,0x0000000022b10000)]
=>0x0000000019e69800 JavaThread "Thread-5" [_thread_in_native, id=14880, stack(0x000000001fbb0000,0x000000001fcb0000)]
  0x0000000019e5d000 JavaThread "Thread-4" [_thread_blocked, id=14108, stack(0x000000001fab0000,0x000000001fbb0000)]
  0x0000000019e2a000 JavaThread "DisposableGC" daemon [_thread_blocked, id=3600, stack(0x000000001f8b0000,0x000000001f9b0000)]
  0x0000000019bfa800 JavaThread "Thread-3" daemon [_thread_blocked, id=12816, stack(0x000000001f100000,0x000000001f200000)]
  0x0000000019c0e800 JavaThread "JavaFX-Launcher" [_thread_blocked, id=5232, stack(0x000000001f200000,0x000000001f300000)]
  0x0000000019973000 JavaThread "JavaFX Application Thread" [_thread_blocked, id=8416, stack(0x000000001a730000,0x000000001a830000)]
  0x0000000019972000 JavaThread "Thread-1" daemon [_thread_blocked, id=13708, stack(0x000000001a630000,0x000000001a730000)]
  0x0000000019939800 JavaThread "QuantumRenderer-0" daemon [_thread_blocked, id=12060, stack(0x000000001a380000,0x000000001a480000)]
  0x00000000195b5000 JavaThread "Service Thread" daemon [_thread_blocked, id=10388, stack(0x0000000019980000,0x0000000019a80000)]
  0x0000000017c4f800 JavaThread "C1 CompilerThread2" daemon [_thread_blocked, id=4724, stack(0x0000000019480000,0x0000000019580000)]
  0x0000000017c4c000 JavaThread "C2 CompilerThread1" daemon [_thread_blocked, id=15084, stack(0x0000000019380000,0x0000000019480000)]
  0x0000000017c3f800 JavaThread "C2 CompilerThread0" daemon [_thread_blocked, id=15248, stack(0x0000000019280000,0x0000000019380000)]
  0x0000000017c3e000 JavaThread "Attach Listener" daemon [_thread_blocked, id=12412, stack(0x0000000019180000,0x0000000019280000)]
  0x0000000017c3c800 JavaThread "Signal Dispatcher" daemon [_thread_blocked, id=14608, stack(0x0000000019080000,0x0000000019180000)]
  0x00000000030fb000 JavaThread "Finalizer" daemon [_thread_blocked, id=4876, stack(0x0000000018e90000,0x0000000018f90000)]
  0x0000000017c09000 JavaThread "Reference Handler" daemon [_thread_blocked, id=3056, stack(0x0000000018d90000,0x0000000018e90000)]
  0x0000000003002800 JavaThread "main" [_thread_blocked, id=15012, stack(0x0000000002f00000,0x0000000003000000)]

Other Threads:
  0x0000000017c07800 VMThread [stack: 0x0000000018c90000,0x0000000018d90000] [id=1680]
  0x00000000195de000 WatcherThread [stack: 0x0000000019a80000,0x0000000019b80000] [id=12924]

VM state:at safepoint (normal execution)

VM Mutex/Monitor currently owned by a thread:  ([mutex/lock_event])
[0x0000000002efd740] Threads_lock - owner thread: 0x0000000017c07800
[0x0000000002efcfc0] Heap_lock - owner thread: 0x0000000019973000

Heap:
 PSYoungGen      total 38400K, used 3424K [0x00000000d5e00000, 0x00000000d9280000, 0x0000000100000000)
  eden space 33280K, 0% used [0x00000000d5e00000,0x00000000d5e00000,0x00000000d7e80000)
  from space 5120K, 66% used [0x00000000d7e80000,0x00000000d81d8020,0x00000000d8380000)
  to   space 5120K, 0% used [0x00000000d8d80000,0x00000000d8d80000,0x00000000d9280000)
 ParOldGen       total 70656K, used 8932K [0x0000000081a00000, 0x0000000085f00000, 0x00000000d5e00000)
  object space 70656K, 12% used [0x0000000081a00000,0x00000000822b90e0,0x0000000085f00000)
 Metaspace       used 20521K, capacity 21788K, committed 22016K, reserved 1069056K
  class space    used 3031K, capacity 3291K, committed 3328K, reserved 1048576K

Card table byte_map: [0x00000000124c0000,0x00000000128c0000] byte_map_base: 0x00000000120b3000

Marking Bits: (ParMarkBitMap*) 0x0000000060982f70
 Begin Bits: [0x0000000012f70000, 0x0000000014f08000)
 End Bits:   [0x0000000014f08000, 0x0000000016ea0000)

Polling page: 0x0000000000df0000

CodeCache: size=245760Kb used=8410Kb max_used=8410Kb free=237349Kb
 bounds [0x0000000003100000, 0x0000000003940000, 0x0000000012100000]
 total_blobs=3408 nmethods=2741 adapters=579
 compilation: enabled

Compilation events (10 events):
Event: 8.256 Thread 0x0000000017c4f800 2718       3       javafx.event.Event::fireEvent (35 bytes)
Event: 8.256 Thread 0x0000000017c4f800 nmethod 2718 0x000000000392ee90 code [0x000000000392f020, 0x000000000392f368]
Event: 8.256 Thread 0x0000000017c4f800 2719   !   3       com.sun.javafx.event.EventUtil::fireEvent (81 bytes)
Event: 8.258 Thread 0x0000000017c4f800 nmethod 2719 0x000000000392f4d0 code [0x000000000392f740, 0x00000000039305e8]
Event: 8.258 Thread 0x0000000017c4f800 2720       3       com.sun.javafx.event.EventRedirector::dispatchCapturingEvent (52 bytes)
Event: 8.258 Thread 0x0000000017c4f800 nmethod 2720 0x0000000003930c90 code [0x0000000003930e60, 0x0000000003931538]
Event: 8.259 Thread 0x0000000017c4f800 2721       3       org.jnetpcap.nio.JMemory::isInitialized (15 bytes)
Event: 8.259 Thread 0x0000000017c4f800 nmethod 2721 0x0000000003931a90 code [0x0000000003931be0, 0x0000000003931d90]
Event: 8.259 Thread 0x0000000017c4f800 2723       3       org.jnetpcap.nio.JMemory::size (22 bytes)
Event: 8.259 Thread 0x0000000017c4f800 nmethod 2723 0x0000000003931e10 code [0x0000000003931f80, 0x0000000003932308]

GC Heap History (6 events):
Event: 3.695 GC heap before
{Heap before GC invocations=1 (full 0):
 PSYoungGen      total 38400K, used 33280K [0x00000000d5e00000, 0x00000000d8880000, 0x0000000100000000)
  eden space 33280K, 100% used [0x00000000d5e00000,0x00000000d7e80000,0x00000000d7e80000)
  from space 5120K, 0% used [0x00000000d8380000,0x00000000d8380000,0x00000000d8880000)
  to   space 5120K, 0% used [0x00000000d7e80000,0x00000000d7e80000,0x00000000d8380000)
 ParOldGen       total 87552K, used 0K [0x0000000081a00000, 0x0000000086f80000, 0x00000000d5e00000)
  object space 87552K, 0% used [0x0000000081a00000,0x0000000081a00000,0x0000000086f80000)
 Metaspace       used 14020K, capacity 14546K, committed 14720K, reserved 1062912K
  class space    used 1975K, capacity 2126K, committed 2176K, reserved 1048576K
Event: 3.705 GC heap after
Heap after GC invocations=1 (full 0):
 PSYoungGen      total 38400K, used 4938K [0x00000000d5e00000, 0x00000000d8880000, 0x0000000100000000)
  eden space 33280K, 0% used [0x00000000d5e00000,0x00000000d5e00000,0x00000000d7e80000)
  from space 5120K, 96% used [0x00000000d7e80000,0x00000000d83529a0,0x00000000d8380000)
  to   space 5120K, 0% used [0x00000000d8380000,0x00000000d8380000,0x00000000d8880000)
 ParOldGen       total 87552K, used 80K [0x0000000081a00000, 0x0000000086f80000, 0x00000000d5e00000)
  object space 87552K, 0% used [0x0000000081a00000,0x0000000081a14010,0x0000000086f80000)
 Metaspace       used 14020K, capacity 14546K, committed 14720K, reserved 1062912K
  class space    used 1975K, capacity 2126K, committed 2176K, reserved 1048576K
}
Event: 4.883 GC heap before
{Heap before GC invocations=2 (full 0):
 PSYoungGen      total 38400K, used 32490K [0x00000000d5e00000, 0x00000000d8880000, 0x0000000100000000)
  eden space 33280K, 82% used [0x00000000d5e00000,0x00000000d78e8050,0x00000000d7e80000)
  from space 5120K, 96% used [0x00000000d7e80000,0x00000000d83529a0,0x00000000d8380000)
  to   space 5120K, 0% used [0x00000000d8380000,0x00000000d8380000,0x00000000d8880000)
 ParOldGen       total 87552K, used 80K [0x0000000081a00000, 0x0000000086f80000, 0x00000000d5e00000)
  object space 87552K, 0% used [0x0000000081a00000,0x0000000081a14010,0x0000000086f80000)
 Metaspace       used 19902K, capacity 21168K, committed 21296K, reserved 1067008K
  class space    used 2947K, capacity 3169K, committed 3200K, reserved 1048576K
Event: 4.905 GC heap after
Heap after GC invocations=2 (full 0):
 PSYoungGen      total 38400K, used 5098K [0x00000000d5e00000, 0x00000000da900000, 0x0000000100000000)
  eden space 33280K, 0% used [0x00000000d5e00000,0x00000000d5e00000,0x00000000d7e80000)
  from space 5120K, 99% used [0x00000000d8380000,0x00000000d887a9a0,0x00000000d8880000)
  to   space 5120K, 0% used [0x00000000d7e80000,0x00000000d7e80000,0x00000000d8380000)
 ParOldGen       total 87552K, used 3920K [0x0000000081a00000, 0x0000000086f80000, 0x00000000d5e00000)
  object space 87552K, 4% used [0x0000000081a00000,0x0000000081dd40f8,0x0000000086f80000)
 Metaspace       used 19902K, capacity 21168K, committed 21296K, reserved 1067008K
  class space    used 2947K, capacity 3169K, committed 3200K, reserved 1048576K
}
Event: 4.906 GC heap before
{Heap before GC invocations=3 (full 1):
 PSYoungGen      total 38400K, used 5098K [0x00000000d5e00000, 0x00000000da900000, 0x0000000100000000)
  eden space 33280K, 0% used [0x00000000d5e00000,0x00000000d5e00000,0x00000000d7e80000)
  from space 5120K, 99% used [0x00000000d8380000,0x00000000d887a9a0,0x00000000d8880000)
  to   space 5120K, 0% used [0x00000000d7e80000,0x00000000d7e80000,0x00000000d8380000)
 ParOldGen       total 87552K, used 3920K [0x0000000081a00000, 0x0000000086f80000, 0x00000000d5e00000)
  object space 87552K, 4% used [0x0000000081a00000,0x0000000081dd40f8,0x0000000086f80000)
 Metaspace       used 19902K, capacity 21168K, committed 21296K, reserved 1067008K
  class space    used 2947K, capacity 3169K, committed 3200K, reserved 1048576K
Event: 5.026 GC heap after
Heap after GC invocations=3 (full 1):
 PSYoungGen      total 38400K, used 0K [0x00000000d5e00000, 0x00000000da900000, 0x0000000100000000)
  eden space 33280K, 0% used [0x00000000d5e00000,0x00000000d5e00000,0x00000000d7e80000)
  from space 5120K, 0% used [0x00000000d8380000,0x00000000d8380000,0x00000000d8880000)
  to   space 5120K, 0% used [0x00000000d7e80000,0x00000000d7e80000,0x00000000d8380000)
 ParOldGen       total 70656K, used 8932K [0x0000000081a00000, 0x0000000085f00000, 0x00000000d5e00000)
  object space 70656K, 12% used [0x0000000081a00000,0x00000000822b90e0,0x0000000085f00000)
 Metaspace       used 19902K, capacity 21168K, committed 21296K, reserved 1067008K
  class space    used 2947K, capacity 3169K, committed 3200K, reserved 1048576K
}

Deoptimization events (10 events):
Event: 5.027 Thread 0x00000000030fb000 Uncommon trap: reason=unstable_if action=reinterpret pc=0x00000000035fbe70 method=java.util.WeakHashMap.expungeStaleEntries()V @ 9
Event: 5.037 Thread 0x0000000019939800 Uncommon trap: reason=unstable_if action=reinterpret pc=0x00000000037080ac method=java.util.WeakHashMap.eq(Ljava/lang/Object;Ljava/lang/Object;)Z @ 2
Event: 5.061 Thread 0x0000000019939800 Uncommon trap: reason=unstable_if action=reinterpret pc=0x0000000003858484 method=com.sun.javafx.geom.RectBounds.isEmpty()Z @ 21
Event: 6.393 Thread 0x0000000019973000 Uncommon trap: reason=unstable_if action=reinterpret pc=0x0000000003825d3c method=javafx.scene.Node.impl_isDirty(Lcom/sun/javafx/scene/DirtyBits;)Z @ 12
Event: 8.204 Thread 0x0000000019973000 Uncommon trap: reason=unstable_if action=reinterpret pc=0x0000000003562f28 method=jdk.internal.org.objectweb.asm.Type.getArgumentsAndReturnSizes(Ljava/lang/String;)I @ 47
Event: 8.218 Thread 0x0000000019973000 Uncommon trap: reason=unstable_if action=reinterpret pc=0x00000000037ca32c method=javafx.scene.Node.transformedBoundsChanged()V @ 4
Event: 8.218 Thread 0x0000000019973000 Uncommon trap: reason=bimorphic action=maybe_recompile pc=0x00000000037e4e3c method=javafx.scene.Node.impl_geomChanged()V @ 33
Event: 8.218 Thread 0x0000000019973000 Uncommon trap: reason=bimorphic action=maybe_recompile pc=0x00000000037e4e3c method=javafx.scene.Node.impl_geomChanged()V @ 33
Event: 8.219 Thread 0x0000000019973000 Uncommon trap: reason=bimorphic action=maybe_recompile pc=0x00000000037e4e3c method=javafx.scene.Node.impl_geomChanged()V @ 33
Event: 8.219 Thread 0x0000000019973000 Uncommon trap: reason=bimorphic action=maybe_recompile pc=0x00000000037e4e3c method=javafx.scene.Node.impl_geomChanged()V @ 33

Internal exceptions (10 events):
Event: 1.008 Thread 0x0000000019973000 Exception <a 'java/lang/ArrayIndexOutOfBoundsException'> (0x00000000d7174b10) thrown at [C:\re\workspace\8-2-build-windows-amd64-cygwin\jdk8u91\6644\hotspot\src\share\vm\runtime\sharedRuntime.cpp, line 605]
Event: 1.008 Thread 0x0000000019973000 Exception <a 'java/lang/ArrayIndexOutOfBoundsException'> (0x00000000d7175f28) thrown at [C:\re\workspace\8-2-build-windows-amd64-cygwin\jdk8u91\6644\hotspot\src\share\vm\runtime\sharedRuntime.cpp, line 605]
Event: 1.013 Thread 0x0000000019973000 Exception <a 'java/lang/ArrayIndexOutOfBoundsException'> (0x00000000d7185bf8) thrown at [C:\re\workspace\8-2-build-windows-amd64-cygwin\jdk8u91\6644\hotspot\src\share\vm\runtime\sharedRuntime.cpp, line 605]
Event: 1.073 Thread 0x0000000019973000 Exception <a 'java/lang/ArrayIndexOutOfBoundsException'> (0x00000000d725e440) thrown at [C:\re\workspace\8-2-build-windows-amd64-cygwin\jdk8u91\6644\hotspot\src\share\vm\runtime\sharedRuntime.cpp, line 605]
Event: 3.526 Thread 0x0000000019973000 Implicit null exception at 0x00000000033ce275 to 0x00000000033ce485
Event: 3.566 Thread 0x0000000019e5d000 Exception <a 'org/jnetpcap/packet/UnregisteredHeaderException': native scanner not registered under ID=15 (WEB_IMAGE)> (0x00000000d7bb5d78) thrown at [C:\re\workspace\8-2-build-windows-amd64-cygwin\jdk8u91\6644\hotspot\src\share\vm\prims\jni.cpp, line 735]
Event: 3.647 Thread 0x0000000019e5d000 Exception <a 'org/jnetpcap/packet/UnregisteredHeaderException': native scanner not registered under ID=38 (HEARTBEAT_ACK)> (0x00000000d7d46b40) thrown at [C:\re\workspace\8-2-build-windows-amd64-cygwin\jdk8u91\6644\hotspot\src\share\vm\prims\jni.cpp, line eî¬Å|@
Event: 3.811 Thread 0x0000000019973000 Exception <a 'java/io/FileNotFoundException'> (0x00000000d604ec70) thrown at [C:\re\workspace\8-2-build-windows-amd64-cygwin\jdk8u91\6644\hotspot\src\share\vm\prims\jni.cpp, line 709]
Event: 4.150 Thread 0x0000000019973000 Implicit null exception at 0x000000000358b066 to 0x000000000358b0b1
Event: 4.462 Thread 0x0000000019973000 Implicit null exception at 0x00000000036896ce to 0x0000000003689da9

Events (10 events):
Event: 8.219 Thread 0x0000000019973000 Uncommon trap: trap_request=0xffffffc6 fr.pc=0x00000000037e4e3c
Event: 8.219 Thread 0x0000000019973000 DEOPT PACKING pc=0x00000000037e4e3c sp=0x000000001a82ceb0
Event: 8.219 Thread 0x0000000019973000 DEOPT UNPACKING pc=0x000000000314582a sp=0x000000001a82ce68 mode 2
Event: 8.219 Thread 0x0000000019973000 Uncommon trap: trap_request=0xffffffc6 fr.pc=0x00000000037e4e3c
Event: 8.219 Thread 0x0000000019973000 DEOPT PACKING pc=0x00000000037e4e3c sp=0x000000001a82ccf0
Event: 8.219 Thread 0x0000000019973000 DEOPT UNPACKING pc=0x000000000314582a sp=0x000000001a82cca8 mode 2
Event: 8.231 loading class com/sun/javafx/geom/DirtyRegionPool$PoolItem
Event: 8.231 loading class com/sun/javafx/geom/DirtyRegionPool$PoolItem done
Event: 8.257 loading class myClass/IMac
Event: 8.257 loading class myClass/IMac done


Dynamic libraries:
0x00007ff7fddc0000 - 0x00007ff7fddf7000 	C:\Program Files\Java\jdk1.8.0_91\bin\javaw.exe
0x00007fff55340000 - 0x00007fff55530000 	C:\WINDOWS\SYSTEM32\ntdll.dll
0x00007fff36450000 - 0x00007fff36462000 	C:\Program Files\AVAST Software\Avast\aswhook.dll
0x00007fff549b0000 - 0x00007fff54a62000 	C:\WINDOWS\System32\KERNEL32.DLL
0x00007fff53110000 - 0x00007fff533b5000 	C:\WINDOWS\System32\KERNELBASE.dll
0x00007fff50160000 - 0x00007fff501ef000 	C:\WINDOWS\SYSTEM32\apphelp.dll
0x00007fff54900000 - 0x00007fff549a3000 	C:\WINDOWS\System32\ADVAPI32.dll
0x00007fff54d70000 - 0x00007fff54e0e000 	C:\WINDOWS\System32\msvcrt.dll
0x00007fff53a60000 - 0x00007fff53af7000 	C:\WINDOWS\System32\sechost.dll
0x00007fff54bd0000 - 0x00007fff54cef000 	C:\WINDOWS\System32\RPCRT4.dll
0x00007fff53520000 - 0x00007fff536b4000 	C:\WINDOWS\System32\USER32.dll
0x00007fff533c0000 - 0x00007fff533e1000 	C:\WINDOWS\System32\win32u.dll
0x00007fff54850000 - 0x00007fff54876000 	C:\WINDOWS\System32\GDI32.dll
0x00007fff525f0000 - 0x00007fff52788000 	C:\WINDOWS\System32\gdi32full.dll
0x00007fff52fc0000 - 0x00007fff5305e000 	C:\WINDOWS\System32\msvcp_win.dll
0x00007fff524a0000 - 0x00007fff5259a000 	C:\WINDOWS\System32\ucrtbase.dll
0x00007fff3fe30000 - 0x00007fff400b4000 	C:\WINDOWS\WinSxS\amd64_microsoft.windows.common-controls_6595b64144ccf1df_6.0.18362.1440_none_9e7dbfb9e45e8e67\COMCTL32.dll
0x00007fff536c0000 - 0x00007fff539f6000 	C:\WINDOWS\System32\combase.dll
0x00007fff52410000 - 0x00007fff52491000 	C:\WINDOWS\System32\bcryptPrimitives.dll
0x00007fff53d80000 - 0x00007fff53dae000 	C:\WINDOWS\System32\IMM32.DLL
0x000000005fd60000 - 0x000000005fe32000 	C:\Program Files\Java\jdk1.8.0_91\jre\bin\msvcr100.dll
0x0000000060170000 - 0x0000000060a03000 	C:\Program Files\Java\jdk1.8.0_91\jre\bin\server\jvm.dll
0x00007fff54720000 - 0x00007fff54728000 	C:\WINDOWS\System32\PSAPI.DLL
0x00007fff4ec80000 - 0x00007fff4eca4000 	C:\WINDOWS\SYSTEM32\WINMM.dll
0x00007fff480f0000 - 0x00007fff480fa000 	C:\WINDOWS\SYSTEM32\VERSION.dll
0x00007fff435a0000 - 0x00007fff435a9000 	C:\WINDOWS\SYSTEM32\WSOCK32.dll
0x00007fff546b0000 - 0x00007fff5471f000 	C:\WINDOWS\System32\WS2_32.dll
0x00007fff4ec50000 - 0x00007fff4ec7d000 	C:\WINDOWS\SYSTEM32\winmmbase.dll
0x00007fff525a0000 - 0x00007fff525ea000 	C:\WINDOWS\System32\cfgmgr32.dll
0x0000000062300000 - 0x000000006230f000 	C:\Program Files\Java\jdk1.8.0_91\jre\bin\verify.dll
0x00000000622d0000 - 0x00000000622f9000 	C:\Program Files\Java\jdk1.8.0_91\jre\bin\java.dll
0x00000000622b0000 - 0x00000000622c6000 	C:\Program Files\Java\jdk1.8.0_91\jre\bin\zip.dll
0x00007fff53fa0000 - 0x00007fff54688000 	C:\WINDOWS\System32\SHELL32.dll
0x00007fff53db0000 - 0x00007fff53e57000 	C:\WINDOWS\System32\shcore.dll
0x00007fff527c0000 - 0x00007fff52f3b000 	C:\WINDOWS\System32\windows.storage.dll
0x00007fff52250000 - 0x00007fff5226e000 	C:\WINDOWS\System32\profapi.dll
0x00007fff52200000 - 0x00007fff5224a000 	C:\WINDOWS\System32\powrprof.dll
0x00007fff521f0000 - 0x00007fff52200000 	C:\WINDOWS\System32\UMPDC.dll
0x00007fff533f0000 - 0x00007fff53442000 	C:\WINDOWS\System32\shlwapi.dll
0x00007fff52270000 - 0x00007fff52281000 	C:\WINDOWS\System32\kernel.appcore.dll
0x00007fff52f40000 - 0x00007fff52f57000 	C:\WINDOWS\System32\cryptsp.dll
0x00007fff38320000 - 0x00007fff3840f000 	C:\Program Files\Java\jdk1.8.0_91\jre\bin\msvcr120.dll
0x00007fff24620000 - 0x00007fff246c6000 	C:\Program Files\Java\jdk1.8.0_91\jre\bin\msvcp120.dll
0x0000000062210000 - 0x0000000062233000 	C:\Program Files\Java\jdk1.8.0_91\jre\bin\prism_d3d.dll
0x00007fff1e4f0000 - 0x00007fff1e6b7000 	C:\WINDOWS\system32\d3d9.dll
0x00007fff50410000 - 0x00007fff5043d000 	C:\WINDOWS\SYSTEM32\dwmapi.dll
0x00007fff50c30000 - 0x00007fff50c50000 	C:\WINDOWS\SYSTEM32\dxcore.dll
0x00007fff50250000 - 0x00007fff502e9000 	C:\WINDOWS\system32\uxtheme.dll
0x00007ffef2800000 - 0x00007ffef4d3d000 	C:\WINDOWS\SYSTEM32\igdumdim64.dll
0x00007fff53b00000 - 0x00007fff53bc5000 	C:\WINDOWS\System32\OLEAUT32.dll
0x00007fff54a70000 - 0x00007fff54bc7000 	C:\WINDOWS\System32\ole32.dll
0x00007fff54e10000 - 0x00007fff55280000 	C:\WINDOWS\System32\SETUPAPI.dll
0x00007fff52790000 - 0x00007fff527b6000 	C:\WINDOWS\System32\bcrypt.dll
0x00000000621c0000 - 0x0000000062203000 	C:\Program Files\Java\jdk1.8.0_91\jre\bin\glass.dll
0x00007fff53450000 - 0x00007fff53520000 	C:\WINDOWS\System32\COMDLG32.dll
0x00007fff53e60000 - 0x00007fff53f95000 	C:\WINDOWS\System32\MSCTF.dll
0x00007fff493a0000 - 0x00007fff49ddf000 	C:\WINDOWS\SYSTEM32\igdusc64.dll
0x0000000060a60000 - 0x0000000060a74000 	C:\Program Files\Java\jdk1.8.0_91\jre\bin\javafx_font.dll
0x0000000063b40000 - 0x0000000063c0b000 	C:\dummyWorkspace\JNetPcapFx\jnetpcap.dll
0x0000000180000000 - 0x0000000180065000 	C:\WINDOWS\SYSTEM32\wpcap.dll
0x00007fff51740000 - 0x00007fff5177a000 	C:\WINDOWS\SYSTEM32\IPHLPAPI.DLL
0x0000000002eb0000 - 0x0000000002ecf000 	C:\WINDOWS\SYSTEM32\packet.dll
0x00007fff54d60000 - 0x00007fff54d68000 	C:\WINDOWS\System32\NSI.dll
0x00007fff483c0000 - 0x00007fff483d6000 	C:\WINDOWS\SYSTEM32\dhcpcsvc6.DLL
0x00007fff48e30000 - 0x00007fff48e4c000 	C:\WINDOWS\SYSTEM32\dhcpcsvc.DLL
0x00007fff51790000 - 0x00007fff5185b000 	C:\WINDOWS\SYSTEM32\DNSAPI.dll
0x00007fff3ddc0000 - 0x00007fff3e0be000 	C:\WINDOWS\SYSTEM32\dwrite.dll
0x00007fff547a0000 - 0x00007fff54842000 	C:\WINDOWS\System32\clbcatq.dll
0x00007fff4d3d0000 - 0x00007fff4d57f000 	C:\WINDOWS\SYSTEM32\WindowsCodecs.dll
0x00007fff359c0000 - 0x00007fff359fb000 	C:\WINDOWS\system32\dataexchange.dll
0x00007fff4f7a0000 - 0x00007fff4f9fb000 	C:\WINDOWS\system32\d3d11.dll
0x00007fff4fa00000 - 0x00007fff4fbdd000 	C:\WINDOWS\system32\dcomp.dll
0x00007fff50cc0000 - 0x00007fff50dab000 	C:\WINDOWS\system32\dxgi.dll
0x00007fff50440000 - 0x00007fff5069a000 	C:\WINDOWS\system32\twinapi.appcore.dll
0x00007fff50920000 - 0x00007fff50949000 	C:\WINDOWS\system32\RMCLIENT.dll
0x00007fff3d9c0000 - 0x00007fff3d9f3000 	C:\Program Files\Common Files\Microsoft Shared\Ink\rtscom.dll
0x0000000060a40000 - 0x0000000060a51000 	C:\Program Files\Java\jdk1.8.0_91\jre\bin\prism_common.dll
0x00007fff44ad0000 - 0x00007fff44b6d000 	C:\WINDOWS\System32\TextInputFramework.dll
0x00007fff4fbe0000 - 0x00007fff4fcb4000 	C:\WINDOWS\System32\CoreMessaging.dll
0x00007fff4d580000 - 0x00007fff4d8aa000 	C:\WINDOWS\System32\CoreUIComponents.dll
0x00007fff4e060000 - 0x00007fff4e1b2000 	C:\WINDOWS\SYSTEM32\wintypes.dll
0x00007fff51230000 - 0x00007fff51261000 	C:\WINDOWS\SYSTEM32\ntmarta.dll
0x00007fff42640000 - 0x00007fff428e7000 	C:\WINDOWS\System32\iertutil.dll
0x00007fff47680000 - 0x00007fff47874000 	C:\WINDOWS\SYSTEM32\dbghelp.dll

VM Arguments:
jvm_args: -Dfile.encoding=Cp1254 
java_command: application.Main
java_class_path (initial): C:\Program Files\Java\jdk1.8.0_91\jre\lib\resources.jar;C:\Program Files\Java\jdk1.8.0_91\jre\lib\rt.jar;C:\Program Files\Java\jdk1.8.0_91\jre\lib\jsse.jar;C:\Program Files\Java\jdk1.8.0_91\jre\lib\jce.jar;C:\Program Files\Java\jdk1.8.0_91\jre\lib\charsets.jar;C:\Program Files\Java\jdk1.8.0_91\jre\lib\jfr.jar;C:\Program Files\Java\jdk1.8.0_91\jre\lib\ext\access-bridge-64.jar;C:\Program Files\Java\jdk1.8.0_91\jre\lib\ext\cldrdata.jar;C:\Program Files\Java\jdk1.8.0_91\jre\lib\ext\dnsns.jar;C:\Program Files\Java\jdk1.8.0_91\jre\lib\ext\jaccess.jar;C:\Program Files\Java\jdk1.8.0_91\jre\lib\ext\jfxrt.jar;C:\Program Files\Java\jdk1.8.0_91\jre\lib\ext\localedata.jar;C:\Program Files\Java\jdk1.8.0_91\jre\lib\ext\nashorn.jar;C:\Program Files\Java\jdk1.8.0_91\jre\lib\ext\sunec.jar;C:\Program Files\Java\jdk1.8.0_91\jre\lib\ext\sunjce_provider.jar;C:\Program Files\Java\jdk1.8.0_91\jre\lib\ext\sunmscapi.jar;C:\Program Files\Java\jdk1.8.0_91\jre\lib\ext\sunpkcs11.jar;C:\Program Files\Java\jdk1.8.0_91\jre\lib\ext\zipfs.jar;C:\dummyWorkspace\JNetPcapFx\bin;C:\Users\lenovo\.p2\pool\plugins\org.eclipse.fx.ide.css.jfx8_3.0.0.201705220750.jar;C:\dummyWorkspace\JNetPcapFx\jnetpcap.jar
Launcher Type: SUN_STANDARD

Environment Variables:
PATH=C:/Program Files/Java/jdk1.8.0_91/jre/bin/server;C:/Program Files/Java/jdk1.8.0_91/jre/bin;C:/Program Files/Java/jdk1.8.0_91/jre/lib/amd64;C:\ProgramData\Oracle\Java\javapath;C:\Program Files (x86)\Lenovo\FusionEngine;C:\Program Files (x86)\Intel\iCLS Client\;C:\Program Files\Intel\iCLS Client\;C:\Program Files (x86)\NVIDIA Corporation\PhysX\Common;C:\WINDOWS\system32;C:\WINDOWS;C:\WINDOWS\System32\Wbem;C:\WINDOWS\System32\WindowsPowerShell\v1.0\;C:\Program Files\Intel\Intel(R) Management Engine Components\DAL;C:\Program Files\Intel\Intel(R) Management Engine Components\IPT;C:\Program Files (x86)\Intel\Intel(R) Management Engine Components\DAL;C:\Program Files (x86)\Intel\Intel(R) Management Engine Components\IPT;C:\Program Files\Intel\WiFi\bin\;C:\Program Files\Common Files\Intel\WirelessCommon\;C:\Program Files (x86)\Common Files\lenovo\easyplussdk\bin;C:\Program Files (x86)\MySQL\MySQL Fabric 1.5.4 & MySQL Utilities 1.5.4 1.5\;C:\Program Files (x86)\MySQL\MySQL Fabric 1.5.4 & MySQL Utilities 1.5.4 1.5\Doctrine extensions for PHP\;C:\Program Files\TortoiseGit\bin;C:\Program Files\Java\jdk1.8.0_91\bin;C:\Program Files (x86)\GtkSharp\2.12\bin;C:\Program Files (x86)\nodejs\;C:\Program Files\Phyton;C:\Program Files\Phyton\Lib;C:\Program Files\Phyton\DLLs;C:\Program Files\Phyton\Lib\lib-tk;C:\Program Files\Phyton\Tools\Scripts;C:\Program Files\Phyton\include;C:\dummyWorkspace\apache-maven-3.5.2\bin;;C:\WINDOWS\System32\OpenSSH\;C:\Program Files\dotnet\;C:\Users\lenovo\AppData\Roaming\npm;C:\Users\lenovo\AppData\Local\Microsoft\WindowsApps;C:\Users\lenovo\.dotnet\tools;C:\WINDOWS\system32;
USERNAME=lenovo
OS=Windows_NT
PROCESSOR_IDENTIFIER=Intel64 Family 6 Model 69 Stepping 1, GenuineIntel



---------------  S Y S T E M  ---------------

OS: Windows 10.0 , 64 bit Build 18362 (10.0.18362.1350)

CPU:total 4 (2 cores per cpu, 2 threads per core) family 6 model 69 stepping 1, cmov, cx8, fxsr, mmx, sse, sse2, sse3, ssse3, sse4.1, sse4.2, popcnt, avx, avx2, aes, clmul, erms, lzcnt, ht, tsc, tscinvbit, bmi1, bmi2

Memory: 4k page, physical 8278296k(2030440k free), swap 14831896k(5408164k free)

vm_info: Java HotSpot(TM) 64-Bit Server VM (25.91-b14) for windows-amd64 JRE (1.8.0_91-b14), built on Apr  1 2016 00:58:32 by "java_re" with MS VC++ 10.0 (VS2010)

time: Sun Mar 14 22:42:49 2021
elapsed time: 8 seconds (0d 0h 0m 8s)

