#
# A fatal error has been detected by the Java Runtime Environment:
#
#  EXCEPTION_ACCESS_VIOLATION (0xc0000005) at pc=0x0000000180023d23, pid=7524, tid=8028
#
# JRE version: Java(TM) SE Runtime Environment (8.0_91-b14) (build 1.8.0_91-b14)
# Java VM: Java HotSpot(TM) 64-Bit Server VM (25.91-b14 mixed mode windows-amd64 compressed oops)
# Problematic frame:
# C  [wpcap.dll+0x23d23]
#
# Failed to write core dump. Minidumps are not enabled by default on client versions of Windows
#
# If you would like to submit a bug report, please visit:
#   http://bugreport.java.com/bugreport/crash.jsp
# The crash happened outside the Java Virtual Machine in native code.
# See problematic frame for where to report the bug.
#

---------------  T H R E A D  ---------------

Current thread (0x000000001e9c3000):  JavaThread "Thread-9" [_thread_in_native, id=8028, stack(0x000000001f860000,0x000000001f960000)]

siginfo: ExceptionCode=0xc0000005, reading address 0x000000000e9efd84

Registers:
RAX=0xffffffffef27c8c0, RBX=0x000000000e9efd7c, RCX=0x0000000000000000, RDX=0x0000000000000000
RSP=0x000000001f95ed70, RBP=0x00000000000021f3, RSI=0x000000001f78d638, RDI=0x000000001f650f30
R8 =0x000000006079a01f, R9 =0x0000000000000000, R10=0x0000000063b461de, R11=0x000000001f95ec00
R12=0x00000000ef27a6cd, R13=0x000000000000004a, R14=0x00000000ffffffff, R15=0x000000001f95ee10
RIP=0x0000000180023d23, EFLAGS=0x0000000000010287

Top of Stack: (sp=0x000000001f95ed70)
0x000000001f95ed70:   000000001f95ee10 000000001f7734bc
0x000000001f95ed80:   000000001f7756af 000000001e9c3000
0x000000001f95ed90:   000000001e9c3000 000000001f95efa8
0x000000001f95eda0:   000000001f202200 000000001f650f30
0x000000001f95edb0:   00000000ffffffff 0000000180024d21
0x000000001f95edc0:   0000000063b461de 000000001f95ee10
0x000000001f95edd0:   0000000063b461de 0000000000000000
0x000000001f95ede0:   000000001735ed58 0000000063b423a8
0x000000001f95edf0:   000000001f202210 000000001f95ee90
0x000000001f95ee00:   0000000011e93000 000000001f95efa8
0x000000001f95ee10:   000000001f650f30 000000001e7a1dd0
0x000000001f95ee20:   000000001e9c31f8 000000001f95ef90
0x000000001f95ee30:   000000001f95efa8 0000000000000000
0x000000001f95ee40:   000000001f95ef88 000000001f95ef70
0x000000001f95ee50:   000000001f95ef80 000000001f95ef78
0x000000001f95ee60:   0000000000000001 000000001f95ef68 

Instructions: (pc=0x0000000180023d23)
0x0000000180023d03:   47 01 00 00 8b 15 f7 a3 03 00 44 8b 0d f4 a3 03
0x0000000180023d13:   00 48 3b de 0f 83 22 01 00 00 8b 8f d4 02 00 00
0x0000000180023d23:   44 8b 63 08 0f b7 6b 10 83 f9 01 75 2c 8d 42 01
0x0000000180023d33:   99 f7 bf d8 02 00 00 85 d2 89 15 c2 a3 03 00 74 


Register to memory mapping:

RAX=0xffffffffef27c8c0 is an unknown value
RBX=0x000000000e9efd7c is an unknown value
RCX=0x0000000000000000 is an unknown value
RDX=0x0000000000000000 is an unknown value
RSP=0x000000001f95ed70 is pointing into the stack for thread: 0x000000001e9c3000
RBP=0x00000000000021f3 is an unknown value
RSI=0x000000001f78d638 is an unknown value
RDI=0x000000001f650f30 is an unknown value
R8 =0x000000006079a01f is an unknown value
R9 =0x0000000000000000 is an unknown value
R10=0x0000000063b461de is an unknown value
R11=0x000000001f95ec00 is pointing into the stack for thread: 0x000000001e9c3000
R12=0x00000000ef27a6cd is an unallocated location in the heap
R13=0x000000000000004a is an unknown value
R14=0x00000000ffffffff is an unallocated location in the heap
R15=0x000000001f95ee10 is pointing into the stack for thread: 0x000000001e9c3000


Stack: [0x000000001f860000,0x000000001f960000],  sp=0x000000001f95ed70,  free space=1019k
Native frames: (J=compiled Java code, j=interpreted, Vv=VM code, C=native code)
C  [wpcap.dll+0x23d23]
C  [wpcap.dll+0x24d21]
C  [jnetpcap.dll+0x23a8]
C  0x0000000002ef7f54

Java frames: (J=compiled Java code, j=interpreted, Vv=VM code)
j  org.jnetpcap.Pcap.loop(IILorg/jnetpcap/packet/PcapPacketHandler;Ljava/lang/Object;Lorg/jnetpcap/packet/JPacket;Lorg/jnetpcap/packet/JPacket$State;Lorg/jnetpcap/PcapHeader;Lorg/jnetpcap/packet/JScanner;)I+0
j  org.jnetpcap.Pcap.loop(ILorg/jnetpcap/packet/PcapPacketHandler;Ljava/lang/Object;)I+35
j  Source.SourceCapture.capturePacket(Lorg/jnetpcap/winpcap/WinPcap;)V+14
j  application.SampleController$1.run()V+7
j  java.lang.Thread.run()V+11
v  ~StubRoutines::call_stub

---------------  P R O C E S S  ---------------

Java Threads: ( => current thread )
  0x000000001ec68000 JavaThread "Prism Font Disposer" daemon [_thread_blocked, id=13468, stack(0x0000000022050000,0x0000000022150000)]
  0x000000001e9c3800 JavaThread "Thread-10" [_thread_in_native, id=11740, stack(0x000000001f960000,0x000000001fa60000)]
=>0x000000001e9c3000 JavaThread "Thread-9" [_thread_in_native, id=8028, stack(0x000000001f860000,0x000000001f960000)]
  0x000000001e840800 JavaThread "DisposableGC" daemon [_thread_blocked, id=15172, stack(0x000000001f660000,0x000000001f760000)]
  0x0000000019742000 JavaThread "Thread-3" daemon [_thread_in_native, id=15048, stack(0x000000001ee90000,0x000000001ef90000)]
  0x000000001e6a6000 JavaThread "JavaFX-Launcher" [_thread_blocked, id=3704, stack(0x000000001ef90000,0x000000001f090000)]
  0x00000000196cb800 JavaThread "JavaFX Application Thread" [_thread_in_native, id=13620, stack(0x0000000019ca0000,0x0000000019da0000)]
  0x00000000196c8800 JavaThread "Thread-1" daemon [_thread_blocked, id=14016, stack(0x0000000019ba0000,0x0000000019ca0000)]
  0x0000000019685800 JavaThread "QuantumRenderer-0" daemon [_thread_blocked, id=15204, stack(0x0000000019960000,0x0000000019a60000)]
  0x0000000019392800 JavaThread "Service Thread" daemon [_thread_blocked, id=12008, stack(0x0000000019760000,0x0000000019860000)]
  0x0000000017a33800 JavaThread "C1 CompilerThread2" daemon [_thread_blocked, id=12756, stack(0x0000000019260000,0x0000000019360000)]
  0x0000000017a1f800 JavaThread "C2 CompilerThread1" daemon [_thread_blocked, id=15836, stack(0x0000000019160000,0x0000000019260000)]
  0x0000000017a1c000 JavaThread "C2 CompilerThread0" daemon [_thread_blocked, id=16300, stack(0x0000000019060000,0x0000000019160000)]
  0x0000000017a1a800 JavaThread "Attach Listener" daemon [_thread_blocked, id=11888, stack(0x0000000018f60000,0x0000000019060000)]
  0x0000000017a29800 JavaThread "Signal Dispatcher" daemon [_thread_blocked, id=14824, stack(0x0000000018e60000,0x0000000018f60000)]
  0x0000000002edb000 JavaThread "Finalizer" daemon [_thread_blocked, id=9500, stack(0x0000000018c70000,0x0000000018d70000)]
  0x00000000179e9000 JavaThread "Reference Handler" daemon [_thread_blocked, id=16144, stack(0x0000000018b70000,0x0000000018c70000)]
  0x0000000002de2800 JavaThread "main" [_thread_blocked, id=15820, stack(0x0000000002c90000,0x0000000002d90000)]

Other Threads:
  0x00000000179e7800 VMThread [stack: 0x0000000018a70000,0x0000000018b70000] [id=13756]
  0x00000000193ae800 WatcherThread [stack: 0x0000000019860000,0x0000000019960000] [id=1104]

VM state:not at safepoint (normal execution)

VM Mutex/Monitor currently owned by a thread: None

Heap:
 PSYoungGen      total 38400K, used 6761K [0x00000000d5e00000, 0x00000000d8880000, 0x0000000100000000)
  eden space 33280K, 20% used [0x00000000d5e00000,0x00000000d649a610,0x00000000d7e80000)
  from space 5120K, 0% used [0x00000000d8380000,0x00000000d8380000,0x00000000d8880000)
  to   space 5120K, 0% used [0x00000000d7e80000,0x00000000d7e80000,0x00000000d8380000)
 ParOldGen       total 67584K, used 8047K [0x0000000081a00000, 0x0000000085c00000, 0x00000000d5e00000)
  object space 67584K, 11% used [0x0000000081a00000,0x00000000821dbf38,0x0000000085c00000)
 Metaspace       used 20501K, capacity 21832K, committed 22016K, reserved 1069056K
  class space    used 3040K, capacity 3301K, committed 3328K, reserved 1048576K

Card table byte_map: [0x00000000122a0000,0x00000000126a0000] byte_map_base: 0x0000000011e93000

Marking Bits: (ParMarkBitMap*) 0x0000000060982f70
 Begin Bits: [0x0000000012d50000, 0x0000000014ce8000)
 End Bits:   [0x0000000014ce8000, 0x0000000016c80000)

Polling page: 0x0000000002c40000

CodeCache: size=245760Kb used=8081Kb max_used=8081Kb free=237678Kb
 bounds [0x0000000002ee0000, 0x00000000036d0000, 0x0000000011ee0000]
 total_blobs=3295 nmethods=2625 adapters=582
 compilation: enabled

Compilation events (10 events):
Event: 19.639 Thread 0x0000000017a33800 nmethod 2549 0x00000000036921d0 code [0x0000000003692360, 0x0000000003692698]
Event: 19.639 Thread 0x0000000017a33800 2550       3       org.jnetpcap.packet.JPacket::<init> (41 bytes)
Event: 19.640 Thread 0x0000000017a33800 nmethod 2550 0x0000000003692810 code [0x0000000003692a00, 0x00000000036931a8]
Event: 19.640 Thread 0x0000000017a33800 2551       3       org.jnetpcap.packet.JPacket$State::<init> (8 bytes)
Event: 19.640 Thread 0x0000000017a33800 nmethod 2551 0x0000000003693550 code [0x00000000036936c0, 0x00000000036938c8]
Event: 19.640 Thread 0x0000000017a33800 2552       3       org.jnetpcap.nio.JBuffer::order (17 bytes)
Event: 19.640 Thread 0x0000000017a33800 nmethod 2552 0x00000000036939d0 code [0x0000000003693b20, 0x0000000003693cf0]
Event: 19.640 Thread 0x0000000017a33800 2553       3       org.jnetpcap.PcapHeader::<init> (8 bytes)
Event: 19.641 Thread 0x0000000017a33800 nmethod 2553 0x0000000003693d90 code [0x0000000003693f00, 0x0000000003694108]
Event: 19.641 Thread 0x0000000017a33800 2556   !   3       org.jnetpcap.nio.DisposableGC::addReference (37 bytes)

GC Heap History (6 events):
Event: 3.904 GC heap before
{Heap before GC invocations=1 (full 0):
 PSYoungGen      total 38400K, used 33280K [0x00000000d5e00000, 0x00000000d8880000, 0x0000000100000000)
  eden space 33280K, 100% used [0x00000000d5e00000,0x00000000d7e80000,0x00000000d7e80000)
  from space 5120K, 0% used [0x00000000d8380000,0x00000000d8380000,0x00000000d8880000)
  to   space 5120K, 0% used [0x00000000d7e80000,0x00000000d7e80000,0x00000000d8380000)
 ParOldGen       total 87552K, used 0K [0x0000000081a00000, 0x0000000086f80000, 0x00000000d5e00000)
  object space 87552K, 0% used [0x0000000081a00000,0x0000000081a00000,0x0000000086f80000)
 Metaspace       used 14081K, capacity 14568K, committed 14720K, reserved 1062912K
  class space    used 1980K, capacity 2127K, committed 2176K, reserved 1048576K
Event: 3.913 GC heap after
Heap after GC invocations=1 (full 0):
 PSYoungGen      total 38400K, used 5082K [0x00000000d5e00000, 0x00000000d8880000, 0x0000000100000000)
  eden space 33280K, 0% used [0x00000000d5e00000,0x00000000d5e00000,0x00000000d7e80000)
  from space 5120K, 99% used [0x00000000d7e80000,0x00000000d8376990,0x00000000d8380000)
  to   space 5120K, 0% used [0x00000000d8380000,0x00000000d8380000,0x00000000d8880000)
 ParOldGen       total 87552K, used 80K [0x0000000081a00000, 0x0000000086f80000, 0x00000000d5e00000)
  object space 87552K, 0% used [0x0000000081a00000,0x0000000081a14010,0x0000000086f80000)
 Metaspace       used 14081K, capacity 14568K, committed 14720K, reserved 1062912K
  class space    used 1980K, capacity 2127K, committed 2176K, reserved 1048576K
}
Event: 5.080 GC heap before
{Heap before GC invocations=2 (full 0):
 PSYoungGen      total 38400K, used 30397K [0x00000000d5e00000, 0x00000000d8880000, 0x0000000100000000)
  eden space 33280K, 76% used [0x00000000d5e00000,0x00000000d76b8bf8,0x00000000d7e80000)
  from space 5120K, 99% used [0x00000000d7e80000,0x00000000d8376990,0x00000000d8380000)
  to   space 5120K, 0% used [0x00000000d8380000,0x00000000d8380000,0x00000000d8880000)
 ParOldGen       total 87552K, used 80K [0x0000000081a00000, 0x0000000086f80000, 0x00000000d5e00000)
  object space 87552K, 0% used [0x0000000081a00000,0x0000000081a14010,0x0000000086f80000)
 Metaspace       used 19853K, capacity 21088K, committed 21248K, reserved 1067008K
  class space    used 2962K, capacity 3201K, committed 3328K, reserved 1048576K
Event: 5.101 GC heap after
Heap after GC invocations=2 (full 0):
 PSYoungGen      total 38400K, used 5088K [0x00000000d5e00000, 0x00000000d8880000, 0x0000000100000000)
  eden space 33280K, 0% used [0x00000000d5e00000,0x00000000d5e00000,0x00000000d7e80000)
  from space 5120K, 99% used [0x00000000d8380000,0x00000000d8878040,0x00000000d8880000)
  to   space 5120K, 0% used [0x00000000d7e80000,0x00000000d7e80000,0x00000000d8380000)
 ParOldGen       total 87552K, used 3203K [0x0000000081a00000, 0x0000000086f80000, 0x00000000d5e00000)
  object space 87552K, 3% used [0x0000000081a00000,0x0000000081d20dc8,0x0000000086f80000)
 Metaspace       used 19853K, capacity 21088K, committed 21248K, reserved 1067008K
  class space    used 2962K, capacity 3201K, committed 3328K, reserved 1048576K
}
Event: 5.101 GC heap before
{Heap before GC invocations=3 (full 1):
 PSYoungGen      total 38400K, used 5088K [0x00000000d5e00000, 0x00000000d8880000, 0x0000000100000000)
  eden space 33280K, 0% used [0x00000000d5e00000,0x00000000d5e00000,0x00000000d7e80000)
  from space 5120K, 99% used [0x00000000d8380000,0x00000000d8878040,0x00000000d8880000)
  to   space 5120K, 0% used [0x00000000d7e80000,0x00000000d7e80000,0x00000000d8380000)
 ParOldGen       total 87552K, used 3203K [0x0000000081a00000, 0x0000000086f80000, 0x00000000d5e00000)
  object space 87552K, 3% used [0x0000000081a00000,0x0000000081d20dc8,0x0000000086f80000)
 Metaspace       used 19853K, capacity 21088K, committed 21248K, reserved 1067008K
  class space    used 2962K, capacity 3201K, committed 3328K, reserved 1048576K
Event: 5.198 GC heap after
Heap after GC invocations=3 (full 1):
 PSYoungGen      total 38400K, used 0K [0x00000000d5e00000, 0x00000000d8880000, 0x0000000100000000)
  eden space 33280K, 0% used [0x00000000d5e00000,0x00000000d5e00000,0x00000000d7e80000)
  from space 5120K, 0% used [0x00000000d8380000,0x00000000d8380000,0x00000000d8880000)
  to   space 5120K, 0% used [0x00000000d7e80000,0x00000000d7e80000,0x00000000d8380000)
 ParOldGen       total 67584K, used 8047K [0x0000000081a00000, 0x0000000085c00000, 0x00000000d5e00000)
  object space 67584K, 11% used [0x0000000081a00000,0x00000000821dbf38,0x0000000085c00000)
 Metaspace       used 19853K, capacity 21088K, committed 21248K, reserved 1067008K
  class space    used 2962K, capacity 3201K, committed 3328K, reserved 1048576K
}

Deoptimization events (10 events):
Event: 4.636 Thread 0x00000000196cb800 Uncommon trap: reason=bimorphic action=maybe_recompile pc=0x00000000032829e4 method=java.io.DataInputStream.readInt()I @ 4
Event: 4.636 Thread 0x00000000196cb800 Uncommon trap: reason=bimorphic action=maybe_recompile pc=0x00000000032829e4 method=java.io.DataInputStream.readInt()I @ 4
Event: 4.636 Thread 0x00000000196cb800 Uncommon trap: reason=bimorphic action=maybe_recompile pc=0x00000000032829e4 method=java.io.DataInputStream.readInt()I @ 4
Event: 4.637 Thread 0x00000000196cb800 Uncommon trap: reason=bimorphic action=maybe_recompile pc=0x0000000003279a08 method=java.io.DataInputStream.readChar()C @ 4
Event: 4.658 Thread 0x00000000196cb800 Uncommon trap: reason=array_check action=maybe_recompile pc=0x0000000003443f60 method=com.sun.javafx.css.SimpleSelector.applies(Ljavafx/css/Styleable;[Ljava/util/Set;I)Z @ 37
Event: 4.757 Thread 0x00000000196cb800 Uncommon trap: reason=unstable_if action=reinterpret pc=0x000000000348b794 method=com.sun.javafx.css.SimpleSelector.stateMatches(Ljavafx/css/Styleable;Ljava/util/Set;)Z @ 1
Event: 5.077 Thread 0x0000000019685800 Uncommon trap: reason=unstable_if action=reinterpret pc=0x0000000003529b3c method=java.util.WeakHashMap.eq(Ljava/lang/Object;Ljava/lang/Object;)Z @ 2
Event: 8.478 Thread 0x00000000196cb800 Uncommon trap: reason=unstable_if action=reinterpret pc=0x0000000003435800 method=java.util.WeakHashMap.expungeStaleEntries()V @ 9
Event: 9.289 Thread 0x00000000196cb800 Uncommon trap: reason=unstable_if action=reinterpret pc=0x00000000031bece8 method=jdk.internal.org.objectweb.asm.Type.getArgumentsAndReturnSizes(Ljava/lang/String;)I @ 47
Event: 9.334 Thread 0x00000000196cb800 Uncommon trap: reason=unstable_if action=reinterpret pc=0x0000000003403464 method=jdk.internal.org.objectweb.asm.Item.isEqualTo(Ljdk/internal/org/objectweb/asm/Item;)Z @ 331

Internal exceptions (10 events):
Event: 1.716 Thread 0x00000000196cb800 Exception <a 'java/lang/ArrayIndexOutOfBoundsException'> (0x00000000d725fb18) thrown at [C:\re\workspace\8-2-build-windows-amd64-cygwin\jdk8u91\6644\hotspot\src\share\vm\runtime\sharedRuntime.cpp, line 605]
Event: 3.772 Thread 0x00000000196cb800 Implicit null exception at 0x0000000003157ef5 to 0x00000000031581fd
Event: 3.809 Thread 0x000000001e9c3800 Exception <a 'org/jnetpcap/packet/UnregisteredHeaderException': native scanner not registered under ID=15 (WEB_IMAGE)> (0x00000000d7c24980) thrown at [C:\re\workspace\8-2-build-windows-amd64-cygwin\jdk8u91\6644\hotspot\src\share\vm\prims\jni.cpp, line 735]
Event: 3.857 Thread 0x000000001e9c3800 Exception <a 'org/jnetpcap/packet/UnregisteredHeaderException': native scanner not registered under ID=38 (HEARTBEAT_ACK)> (0x00000000d7d0f0b0) thrown at [C:\re\workspace\8-2-build-windows-amd64-cygwin\jdk8u91\6644\hotspot\src\share\vm\prims\jni.cpp, line ›;ú_®E@
Event: 4.068 Thread 0x00000000196cb800 Exception <a 'java/io/FileNotFoundException'> (0x00000000d615cef8) thrown at [C:\re\workspace\8-2-build-windows-amd64-cygwin\jdk8u91\6644\hotspot\src\share\vm\prims\jni.cpp, line 709]
Event: 4.310 Thread 0x00000000196cb800 Implicit null exception at 0x000000000323212f to 0x0000000003232199
Event: 4.457 Thread 0x00000000196cb800 Implicit null exception at 0x0000000003395626 to 0x0000000003395671
Event: 4.624 Thread 0x00000000196cb800 Implicit null exception at 0x0000000003415171 to 0x0000000003415685
Event: 4.757 Thread 0x00000000196cb800 Implicit null exception at 0x000000000348b08e to 0x000000000348b769
Event: 19.641 Thread 0x000000001e9c3000 Exception <a 'java/lang/IllegalArgumentException': wirelen < buffer len> (0x00000000d63fdb00) thrown at [C:\re\workspace\8-2-build-windows-amd64-cygwin\jdk8u91\6644\hotspot\src\share\vm\prims\jni.cpp, line 735]

Events (10 events):
Event: 9.334 loading class com/sun/glass/ui/ClipboardAssistance done
Event: 9.334 loading class com/sun/javafx/tk/quantum/GlassSceneDnDEventHandler
Event: 9.334 loading class com/sun/javafx/tk/quantum/GlassSceneDnDEventHandler done
Event: 9.334 Thread 0x00000000196cb800 Uncommon trap: trap_request=0xffffff65 fr.pc=0x0000000003403464
Event: 9.334 Thread 0x00000000196cb800 DEOPT PACKING pc=0x0000000003403464 sp=0x0000000019d9d300
Event: 9.334 Thread 0x00000000196cb800 DEOPT UNPACKING pc=0x0000000002f2582a sp=0x0000000019d9d298 mode 2
Event: 9.337 loading class com/sun/javafx/geom/DirtyRegionPool$PoolItem
Event: 9.337 loading class com/sun/javafx/geom/DirtyRegionPool$PoolItem done
Event: 10.068 loading class Source/SourceSend
Event: 10.068 loading class Source/SourceSend done


Dynamic libraries:
0x00007ff719050000 - 0x00007ff719087000 	C:\Program Files\Java\jdk1.8.0_91\bin\javaw.exe
0x00007fff55340000 - 0x00007fff55530000 	C:\WINDOWS\SYSTEM32\ntdll.dll
0x00007fff36450000 - 0x00007fff36462000 	C:\Program Files\AVAST Software\Avast\aswhook.dll
0x00007fff549b0000 - 0x00007fff54a62000 	C:\WINDOWS\System32\KERNEL32.DLL
0x00007fff53110000 - 0x00007fff533b5000 	C:\WINDOWS\System32\KERNELBASE.dll
0x00007fff50160000 - 0x00007fff501ef000 	C:\WINDOWS\SYSTEM32\apphelp.dll
0x00007fff54900000 - 0x00007fff549a3000 	C:\WINDOWS\System32\ADVAPI32.dll
0x00007fff54d70000 - 0x00007fff54e0e000 	C:\WINDOWS\System32\msvcrt.dll
0x00007fff53a60000 - 0x00007fff53af7000 	C:\WINDOWS\System32\sechost.dll
0x00007fff54bd0000 - 0x00007fff54cef000 	C:\WINDOWS\System32\RPCRT4.dll
0x00007fff53520000 - 0x00007fff536b4000 	C:\WINDOWS\System32\USER32.dll
0x00007fff533c0000 - 0x00007fff533e1000 	C:\WINDOWS\System32\win32u.dll
0x00007fff54850000 - 0x00007fff54876000 	C:\WINDOWS\System32\GDI32.dll
0x00007fff525f0000 - 0x00007fff52788000 	C:\WINDOWS\System32\gdi32full.dll
0x00007fff52fc0000 - 0x00007fff5305e000 	C:\WINDOWS\System32\msvcp_win.dll
0x00007fff524a0000 - 0x00007fff5259a000 	C:\WINDOWS\System32\ucrtbase.dll
0x00007fff3fe30000 - 0x00007fff400b4000 	C:\WINDOWS\WinSxS\amd64_microsoft.windows.common-controls_6595b64144ccf1df_6.0.18362.1440_none_9e7dbfb9e45e8e67\COMCTL32.dll
0x00007fff536c0000 - 0x00007fff539f6000 	C:\WINDOWS\System32\combase.dll
0x00007fff52410000 - 0x00007fff52491000 	C:\WINDOWS\System32\bcryptPrimitives.dll
0x00007fff53d80000 - 0x00007fff53dae000 	C:\WINDOWS\System32\IMM32.DLL
0x0000000062420000 - 0x00000000624f2000 	C:\Program Files\Java\jdk1.8.0_91\jre\bin\msvcr100.dll
0x0000000060170000 - 0x0000000060a03000 	C:\Program Files\Java\jdk1.8.0_91\jre\bin\server\jvm.dll
0x00007fff54720000 - 0x00007fff54728000 	C:\WINDOWS\System32\PSAPI.DLL
0x00007fff4ec80000 - 0x00007fff4eca4000 	C:\WINDOWS\SYSTEM32\WINMM.dll
0x00007fff480f0000 - 0x00007fff480fa000 	C:\WINDOWS\SYSTEM32\VERSION.dll
0x00007fff435a0000 - 0x00007fff435a9000 	C:\WINDOWS\SYSTEM32\WSOCK32.dll
0x00007fff546b0000 - 0x00007fff5471f000 	C:\WINDOWS\System32\WS2_32.dll
0x00007fff4ec50000 - 0x00007fff4ec7d000 	C:\WINDOWS\SYSTEM32\winmmbase.dll
0x00007fff525a0000 - 0x00007fff525ea000 	C:\WINDOWS\System32\cfgmgr32.dll
0x0000000062300000 - 0x000000006230f000 	C:\Program Files\Java\jdk1.8.0_91\jre\bin\verify.dll
0x00000000622d0000 - 0x00000000622f9000 	C:\Program Files\Java\jdk1.8.0_91\jre\bin\java.dll
0x00000000622b0000 - 0x00000000622c6000 	C:\Program Files\Java\jdk1.8.0_91\jre\bin\zip.dll
0x00007fff53fa0000 - 0x00007fff54688000 	C:\WINDOWS\System32\SHELL32.dll
0x00007fff53db0000 - 0x00007fff53e57000 	C:\WINDOWS\System32\shcore.dll
0x00007fff527c0000 - 0x00007fff52f3b000 	C:\WINDOWS\System32\windows.storage.dll
0x00007fff52250000 - 0x00007fff5226e000 	C:\WINDOWS\System32\profapi.dll
0x00007fff52200000 - 0x00007fff5224a000 	C:\WINDOWS\System32\powrprof.dll
0x00007fff521f0000 - 0x00007fff52200000 	C:\WINDOWS\System32\UMPDC.dll
0x00007fff533f0000 - 0x00007fff53442000 	C:\WINDOWS\System32\shlwapi.dll
0x00007fff52270000 - 0x00007fff52281000 	C:\WINDOWS\System32\kernel.appcore.dll
0x00007fff52f40000 - 0x00007fff52f57000 	C:\WINDOWS\System32\cryptsp.dll
0x00007fff0b420000 - 0x00007fff0b50f000 	C:\Program Files\Java\jdk1.8.0_91\jre\bin\msvcr120.dll
0x00007fff1bfe0000 - 0x00007fff1c086000 	C:\Program Files\Java\jdk1.8.0_91\jre\bin\msvcp120.dll
0x00000000623f0000 - 0x0000000062413000 	C:\Program Files\Java\jdk1.8.0_91\jre\bin\prism_d3d.dll
0x00007fff1e4f0000 - 0x00007fff1e6b7000 	C:\WINDOWS\system32\d3d9.dll
0x00007fff50410000 - 0x00007fff5043d000 	C:\WINDOWS\SYSTEM32\dwmapi.dll
0x00007fff50c30000 - 0x00007fff50c50000 	C:\WINDOWS\SYSTEM32\dxcore.dll
0x00007fff50250000 - 0x00007fff502e9000 	C:\WINDOWS\system32\uxtheme.dll
0x00007ffef1bf0000 - 0x00007ffef412d000 	C:\WINDOWS\SYSTEM32\igdumdim64.dll
0x00007fff53b00000 - 0x00007fff53bc5000 	C:\WINDOWS\System32\OLEAUT32.dll
0x00007fff54a70000 - 0x00007fff54bc7000 	C:\WINDOWS\System32\ole32.dll
0x00007fff54e10000 - 0x00007fff55280000 	C:\WINDOWS\System32\SETUPAPI.dll
0x00007fff52790000 - 0x00007fff527b6000 	C:\WINDOWS\System32\bcrypt.dll
0x00000000621f0000 - 0x0000000062233000 	C:\Program Files\Java\jdk1.8.0_91\jre\bin\glass.dll
0x00007fff53450000 - 0x00007fff53520000 	C:\WINDOWS\System32\COMDLG32.dll
0x00007fff53e60000 - 0x00007fff53f95000 	C:\WINDOWS\System32\MSCTF.dll
0x00007fff493a0000 - 0x00007fff49ddf000 	C:\WINDOWS\SYSTEM32\igdusc64.dll
0x00000000621d0000 - 0x00000000621e4000 	C:\Program Files\Java\jdk1.8.0_91\jre\bin\javafx_font.dll
0x0000000063b40000 - 0x0000000063c0b000 	C:\dummyWorkspace\JNetPcapFx\jnetpcap.dll
0x0000000180000000 - 0x0000000180065000 	C:\WINDOWS\SYSTEM32\wpcap.dll
0x00007fff51740000 - 0x00007fff5177a000 	C:\WINDOWS\SYSTEM32\IPHLPAPI.DLL
0x000000001f4a0000 - 0x000000001f4bf000 	C:\WINDOWS\SYSTEM32\packet.dll
0x00007fff54d60000 - 0x00007fff54d68000 	C:\WINDOWS\System32\NSI.dll
0x00007fff483c0000 - 0x00007fff483d6000 	C:\WINDOWS\SYSTEM32\dhcpcsvc6.DLL
0x00007fff48e30000 - 0x00007fff48e4c000 	C:\WINDOWS\SYSTEM32\dhcpcsvc.DLL
0x00007fff51790000 - 0x00007fff5185b000 	C:\WINDOWS\SYSTEM32\DNSAPI.dll
0x00007fff3ddc0000 - 0x00007fff3e0be000 	C:\WINDOWS\SYSTEM32\dwrite.dll
0x00007fff547a0000 - 0x00007fff54842000 	C:\WINDOWS\System32\clbcatq.dll
0x00007fff4d3d0000 - 0x00007fff4d57f000 	C:\WINDOWS\SYSTEM32\WindowsCodecs.dll
0x00007fff359c0000 - 0x00007fff359fb000 	C:\WINDOWS\system32\dataexchange.dll
0x00007fff4f7a0000 - 0x00007fff4f9fb000 	C:\WINDOWS\system32\d3d11.dll
0x00007fff4fa00000 - 0x00007fff4fbdd000 	C:\WINDOWS\system32\dcomp.dll
0x00007fff50cc0000 - 0x00007fff50dab000 	C:\WINDOWS\system32\dxgi.dll
0x00007fff50440000 - 0x00007fff5069a000 	C:\WINDOWS\system32\twinapi.appcore.dll
0x00007fff50920000 - 0x00007fff50949000 	C:\WINDOWS\system32\RMCLIENT.dll
0x00007fff38250000 - 0x00007fff38283000 	C:\Program Files\Common Files\Microsoft Shared\Ink\rtscom.dll
0x00007fff44ad0000 - 0x00007fff44b6d000 	C:\WINDOWS\System32\TextInputFramework.dll
0x00007fff4fbe0000 - 0x00007fff4fcb4000 	C:\WINDOWS\System32\CoreMessaging.dll
0x00007fff4d580000 - 0x00007fff4d8aa000 	C:\WINDOWS\System32\CoreUIComponents.dll
0x00007fff51230000 - 0x00007fff51261000 	C:\WINDOWS\SYSTEM32\ntmarta.dll
0x00007fff4e060000 - 0x00007fff4e1b2000 	C:\WINDOWS\SYSTEM32\wintypes.dll
0x00007fff42640000 - 0x00007fff428e7000 	C:\WINDOWS\System32\iertutil.dll
0x00000000621b0000 - 0x00000000621c1000 	C:\Program Files\Java\jdk1.8.0_91\jre\bin\prism_common.dll
0x00007fff47680000 - 0x00007fff47874000 	C:\WINDOWS\SYSTEM32\dbghelp.dll

VM Arguments:
jvm_args: -Dfile.encoding=Cp1254 
java_command: application.Main
java_class_path (initial): C:\Program Files\Java\jdk1.8.0_91\jre\lib\resources.jar;C:\Program Files\Java\jdk1.8.0_91\jre\lib\rt.jar;C:\Program Files\Java\jdk1.8.0_91\jre\lib\jsse.jar;C:\Program Files\Java\jdk1.8.0_91\jre\lib\jce.jar;C:\Program Files\Java\jdk1.8.0_91\jre\lib\charsets.jar;C:\Program Files\Java\jdk1.8.0_91\jre\lib\jfr.jar;C:\Program Files\Java\jdk1.8.0_91\jre\lib\ext\access-bridge-64.jar;C:\Program Files\Java\jdk1.8.0_91\jre\lib\ext\cldrdata.jar;C:\Program Files\Java\jdk1.8.0_91\jre\lib\ext\dnsns.jar;C:\Program Files\Java\jdk1.8.0_91\jre\lib\ext\jaccess.jar;C:\Program Files\Java\jdk1.8.0_91\jre\lib\ext\jfxrt.jar;C:\Program Files\Java\jdk1.8.0_91\jre\lib\ext\localedata.jar;C:\Program Files\Java\jdk1.8.0_91\jre\lib\ext\nashorn.jar;C:\Program Files\Java\jdk1.8.0_91\jre\lib\ext\sunec.jar;C:\Program Files\Java\jdk1.8.0_91\jre\lib\ext\sunjce_provider.jar;C:\Program Files\Java\jdk1.8.0_91\jre\lib\ext\sunmscapi.jar;C:\Program Files\Java\jdk1.8.0_91\jre\lib\ext\sunpkcs11.jar;C:\Program Files\Java\jdk1.8.0_91\jre\lib\ext\zipfs.jar;C:\dummyWorkspace\JNetPcapFx\bin;C:\Users\lenovo\.p2\pool\plugins\org.eclipse.fx.ide.css.jfx8_3.0.0.201705220750.jar;C:\dummyWorkspace\JNetPcapFx\jnetpcap.jar
Launcher Type: SUN_STANDARD

Environment Variables:
PATH=C:/Program Files/Java/jdk1.8.0_91/jre/bin/server;C:/Program Files/Java/jdk1.8.0_91/jre/bin;C:/Program Files/Java/jdk1.8.0_91/jre/lib/amd64;C:\ProgramData\Oracle\Java\javapath;C:\Program Files (x86)\Lenovo\FusionEngine;C:\Program Files (x86)\Intel\iCLS Client\;C:\Program Files\Intel\iCLS Client\;C:\Program Files (x86)\NVIDIA Corporation\PhysX\Common;C:\WINDOWS\system32;C:\WINDOWS;C:\WINDOWS\System32\Wbem;C:\WINDOWS\System32\WindowsPowerShell\v1.0\;C:\Program Files\Intel\Intel(R) Management Engine Components\DAL;C:\Program Files\Intel\Intel(R) Management Engine Components\IPT;C:\Program Files (x86)\Intel\Intel(R) Management Engine Components\DAL;C:\Program Files (x86)\Intel\Intel(R) Management Engine Components\IPT;C:\Program Files\Intel\WiFi\bin\;C:\Program Files\Common Files\Intel\WirelessCommon\;C:\Program Files (x86)\Common Files\lenovo\easyplussdk\bin;C:\Program Files (x86)\MySQL\MySQL Fabric 1.5.4 & MySQL Utilities 1.5.4 1.5\;C:\Program Files (x86)\MySQL\MySQL Fabric 1.5.4 & MySQL Utilities 1.5.4 1.5\Doctrine extensions for PHP\;C:\Program Files\TortoiseGit\bin;C:\Program Files\Java\jdk1.8.0_91\bin;C:\Program Files (x86)\GtkSharp\2.12\bin;C:\Program Files (x86)\nodejs\;C:\Program Files\Phyton;C:\Program Files\Phyton\Lib;C:\Program Files\Phyton\DLLs;C:\Program Files\Phyton\Lib\lib-tk;C:\Program Files\Phyton\Tools\Scripts;C:\Program Files\Phyton\include;C:\dummyWorkspace\apache-maven-3.5.2\bin;;C:\WINDOWS\System32\OpenSSH\;C:\Program Files\dotnet\;C:\Users\lenovo\AppData\Roaming\npm;C:\Users\lenovo\AppData\Local\Microsoft\WindowsApps;C:\Users\lenovo\.dotnet\tools;C:\WINDOWS\system32;
USERNAME=lenovo
OS=Windows_NT
PROCESSOR_IDENTIFIER=Intel64 Family 6 Model 69 Stepping 1, GenuineIntel



---------------  S Y S T E M  ---------------

OS: Windows 10.0 , 64 bit Build 18362 (10.0.18362.1350)

CPU:total 4 (2 cores per cpu, 2 threads per core) family 6 model 69 stepping 1, cmov, cx8, fxsr, mmx, sse, sse2, sse3, ssse3, sse4.1, sse4.2, popcnt, avx, avx2, aes, clmul, erms, lzcnt, ht, tsc, tscinvbit, bmi1, bmi2

Memory: 4k page, physical 8278296k(901424k free), swap 14831896k(4154848k free)

vm_info: Java HotSpot(TM) 64-Bit Server VM (25.91-b14) for windows-amd64 JRE (1.8.0_91-b14), built on Apr  1 2016 00:58:32 by "java_re" with MS VC++ 10.0 (VS2010)

time: Mon Mar 15 22:51:27 2021
elapsed time: 20 seconds (0d 0h 0m 20s)

